<?xml version="1.0" encoding="UTF-8"?>
<testsuite xmlns:xsi="http://www.w3.org/2001/XMLSchema-instance" xsi:noNamespaceSchemaLocation="https://maven.apache.org/surefire/maven-surefire-plugin/xsd/surefire-test-report.xsd" name="com.ricardo.models.CocheTest" time="0.221" tests="3" errors="0" skipped="0" failures="0">
  <properties>
    <property name="sun.desktop" value="windows"/>
    <property name="awt.toolkit" value="sun.awt.windows.WToolkit"/>
    <property name="java.specification.version" value="11"/>
    <property name="sun.cpu.isalist" value="amd64"/>
    <property name="sun.jnu.encoding" value="Cp1252"/>
    <property name="java.class.path" value="D:\Shared\MyFiles\BIT\FOAP\SimuladoreCoches\web\target\test-classes;D:\Shared\MyFiles\BIT\FOAP\SimuladoreCoches\web\target\classes;D:\Shared\MyFiles\Netmind\MI1456-ApacheServiceMix\apache-servicemix-7.0.1\mine-repo\junit\junit\4.12\junit-4.12.jar;D:\Shared\MyFiles\Netmind\MI1456-ApacheServiceMix\apache-servicemix-7.0.1\mine-repo\org\hamcrest\hamcrest-core\1.3\hamcrest-core-1.3.jar;D:\Shared\MyFiles\Netmind\MI1456-ApacheServiceMix\apache-servicemix-7.0.1\mine-repo\javax\servlet\javax.servlet-api\3.0.1\javax.servlet-api-3.0.1.jar;D:\Shared\MyFiles\Netmind\MI1456-ApacheServiceMix\apache-servicemix-7.0.1\mine-repo\jstl\jstl\1.2\jstl-1.2.jar;"/>
    <property name="java.vm.vendor" value="Oracle Corporation"/>
    <property name="sun.arch.data.model" value="64"/>
    <property name="user.variant" value=""/>
    <property name="java.vendor.url" value="http://java.oracle.com/"/>
    <property name="user.timezone" value="Europe/Paris"/>
    <property name="java.vm.specification.version" value="11"/>
    <property name="os.name" value="Windows 10"/>
    <property name="sun.java.launcher" value="SUN_STANDARD"/>
    <property name="user.country" value="ES"/>
    <property name="sun.boot.library.path" value="D:\Program Files\jdk-11\bin"/>
    <property name="sun.java.command" value="C:\Users\ricardo\AppData\Local\Temp\surefire8675035140465559351\surefirebooter10606069964741180652.jar C:\Users\ricardo\AppData\Local\Temp\surefire8675035140465559351 2022-06-15T08-52-43_907-jvmRun1 surefire17408157801319061834tmp surefire_04442017780328573654tmp"/>
    <property name="jdk.debug" value="release"/>
    <property name="surefire.test.class.path" value="D:\Shared\MyFiles\BIT\FOAP\SimuladoreCoches\web\target\test-classes;D:\Shared\MyFiles\BIT\FOAP\SimuladoreCoches\web\target\classes;D:\Shared\MyFiles\Netmind\MI1456-ApacheServiceMix\apache-servicemix-7.0.1\mine-repo\junit\junit\4.12\junit-4.12.jar;D:\Shared\MyFiles\Netmind\MI1456-ApacheServiceMix\apache-servicemix-7.0.1\mine-repo\org\hamcrest\hamcrest-core\1.3\hamcrest-core-1.3.jar;D:\Shared\MyFiles\Netmind\MI1456-ApacheServiceMix\apache-servicemix-7.0.1\mine-repo\javax\servlet\javax.servlet-api\3.0.1\javax.servlet-api-3.0.1.jar;D:\Shared\MyFiles\Netmind\MI1456-ApacheServiceMix\apache-servicemix-7.0.1\mine-repo\jstl\jstl\1.2\jstl-1.2.jar;"/>
    <property name="sun.cpu.endian" value="little"/>
    <property name="user.home" value="C:\Users\ricardo"/>
    <property name="user.language" value="es"/>
    <property name="java.specification.vendor" value="Oracle Corporation"/>
    <property name="java.version.date" value="2018-09-25"/>
    <property name="java.home" value="D:\Program Files\jdk-11"/>
    <property name="file.separator" value="\"/>
    <property name="basedir" value="D:\Shared\MyFiles\BIT\FOAP\SimuladoreCoches\web"/>
    <property name="java.vm.compressedOopsMode" value="32-bit"/>
    <property name="line.separator" value="&#10;"/>
    <property name="java.specification.name" value="Java Platform API Specification"/>
    <property name="java.vm.specification.vendor" value="Oracle Corporation"/>
    <property name="java.awt.graphicsenv" value="sun.awt.Win32GraphicsEnvironment"/>
    <property name="surefire.real.class.path" value="C:\Users\ricardo\AppData\Local\Temp\surefire8675035140465559351\surefirebooter10606069964741180652.jar"/>
    <property name="user.script" value=""/>
    <property name="sun.management.compiler" value="HotSpot 64-Bit Tiered Compilers"/>
    <property name="java.runtime.version" value="11+28"/>
    <property name="user.name" value="ricardo"/>
    <property name="path.separator" value=";"/>
    <property name="os.version" value="10.0"/>
    <property name="java.runtime.name" value="OpenJDK Runtime Environment"/>
    <property name="file.encoding" value="Cp1252"/>
    <property name="java.vm.name" value="OpenJDK 64-Bit Server VM"/>
    <property name="java.vendor.version" value="18.9"/>
    <property name="localRepository" value="D:\Shared\MyFiles\Netmind\MI1456-ApacheServiceMix\apache-servicemix-7.0.1\mine-repo"/>
    <property name="java.vendor.url.bug" value="http://bugreport.java.com/bugreport/"/>
    <property name="java.io.tmpdir" value="C:\Users\ricardo\AppData\Local\Temp\"/>
    <property name="java.version" value="11"/>
    <property name="user.dir" value="D:\Shared\MyFiles\BIT\FOAP\SimuladoreCoches\web"/>
    <property name="os.arch" value="amd64"/>
    <property name="java.vm.specification.name" value="Java Virtual Machine Specification"/>
    <property name="java.awt.printerjob" value="sun.awt.windows.WPrinterJob"/>
    <property name="sun.os.patch.level" value=""/>
    <property name="java.library.path" value="D:\Program Files\jdk-11\bin;C:\WINDOWS\Sun\Java\bin;C:\WINDOWS\system32;C:\WINDOWS;C:\WINDOWS\system32;C:\WINDOWS;C:\WINDOWS\System32\Wbem;C:\WINDOWS\System32\WindowsPowerShell\v1.0\;C:\WINDOWS\System32\OpenSSH\;D:\Program Files\Git\cmd;D:\Program Files\Git\mingw64\bin;D:\Program Files\Git\usr\bin;D:\Program Files\nvm;C:\Program Files\nodejs;D:\Program Files\PuTTY\;C:\Program Files\PowerShell\7\;C:\Program Files\k6\;D:\Ruby30-x64\bin;D:\Ruby31-x64\bin;C:\Users\ricardo\AppData\Local\Microsoft\WindowsApps;D:\Program Files\jdk-11\bin;D:\Program Files\nvm;C:\Program Files\nodejs;C:\Users\ricardo\AppData\Local\Programs\Microsoft VS Code\bin;D:\Shared\MyApps\dotnet-sdk-5.0.408-win-x64;C:\Users\ricardo\.dotnet\tools;D:\Program Files\apache-maven-3.5.3\bin;C:\Users\ricardo\AppData\Local\Programs\oh-my-posh\bin;C:\Users\ricardo\AppData\Local\Programs\Python\Python39\Scripts;;."/>
    <property name="java.vendor" value="Oracle Corporation"/>
    <property name="java.vm.info" value="mixed mode"/>
    <property name="java.vm.version" value="11+28"/>
    <property name="sun.io.unicode.encoding" value="UnicodeLittle"/>
    <property name="java.class.version" value="55.0"/>
  </properties>
  <testcase name="arrancar" classname="com.ricardo.models.CocheTest" time="0.004"/>
  <testcase name="avanzar" classname="com.ricardo.models.CocheTest" time="0.001"/>
  <testcase name="parar" classname="com.ricardo.models.CocheTest" time="0.001"/>
</testsuite>